Using pre-set license
Desktop is 1366 x 768 @ 60 Hz

 COMMAND LINE ARGUMENTS:
Unity
-adb2
-batchMode
-noUpm
-name
AssetImportWorker0
-projectPath
/home/y1159554_t/SpaceShooter
-logFile
Logs/AssetImportWorker0.log
-srvPort
37909
Successfully changed project path to: /home/y1159554_t/SpaceShooter
/home/y1159554_t/SpaceShooter
Using Asset Import Pipeline V2.
Refreshing native plugins compatible for Editor in 37,86 ms, found 1 plugins.
Preloading 0 native plugins for Editor in 0,00 ms.
Initialize engine version: 2020.3.2f1 (8fd9074bf66c)
[Subsystems] Discovering subsystems at path /home/y1159554_t/Documents/Unity/2020.3.2f1/Editor/Data/Resources/UnitySubsystems
[Subsystems] Discovering subsystems at path /home/y1159554_t/SpaceShooter/Assets
GLX Extensions: GLX_ARB_create_context GLX_ARB_create_context_profile GLX_ARB_create_context_robustness GLX_ARB_fbconfig_float GLX_ARB_framebuffer_sRGB GLX_ARB_get_proc_address GLX_ARB_multisample GLX_EXT_import_context GLX_EXT_visual_info GLX_EXT_visual_rating GLX_EXT_fbconfig_packed_float GLX_EXT_framebuffer_sRGB GLX_EXT_create_context_es2_profile GLX_EXT_create_context_es_profile GLX_MESA_copy_sub_buffer GLX_MESA_multithread_makecurrent GLX_MESA_query_renderer GLX_MESA_swap_control GLX_OML_swap_method GLX_OML_sync_control GLX_SGI_make_current_read GLX_SGI_swap_control GLX_SGI_video_sync GLX_SGIS_multisample GLX_SGIX_fbconfig GLX_SGIX_pbuffer GLX_SGIX_visual_select_group GLX_EXT_texture_from_pixmap GLX_INTEL_swap_event GLX_EXT_buffer_age 
Renderer: Mesa DRI Intel(R) Kabylake GT1.5 
Vendor:   Intel Open Source Technology Center
Version:  4.5 (Core Profile) Mesa 13.0.6
GLES:     0
 GL_3DFX_texture_compression_FXT1 GL_AMD_conservative_depth GL_AMD_draw_buffers_blend GL_AMD_seamless_cubemap_per_texture GL_AMD_shader_stencil_export GL_AMD_shader_trinary_minmax GL_AMD_vertex_shader_layer GL_AMD_vertex_shader_viewport_index GL_ANGLE_texture_compression_dxt3 GL_ANGLE_texture_compression_dxt5 GL_APPLE_object_purgeable GL_ARB_ES2_compatibility GL_ARB_ES3_1_compatibility GL_ARB_ES3_2_compatibility GL_ARB_ES3_compatibility GL_ARB_arrays_of_arrays GL_ARB_base_instance GL_ARB_blend_func_extended GL_ARB_buffer_storage GL_ARB_clear_buffer_object GL_ARB_clear_texture GL_ARB_clip_control GL_ARB_compressed_texture_pixel_storage GL_ARB_compute_shader GL_ARB_conditional_render_inverted GL_ARB_conservative_depth GL_ARB_copy_buffer GL_ARB_copy_image GL_ARB_cull_distance GL_ARB_debug_output GL_ARB_depth_buffer_float GL_ARB_depth_clamp GL_ARB_derivative_control GL_ARB_direct_state_access GL_ARB_draw_buffers GL_ARB_draw_buffers_blend GL_ARB_draw_elements_base_vertex GL_ARB_draw_indirect GL_ARB_draw_instanced
 GL_ARB_enhanced_layouts GL_ARB_explicit_attrib_location GL_ARB_explicit_uniform_location GL_ARB_fragment_coord_conventions GL_ARB_fragment_layer_viewport GL_ARB_fragment_shader GL_ARB_framebuffer_no_attachments GL_ARB_framebuffer_object GL_ARB_framebuffer_sRGB GL_ARB_get_program_binary GL_ARB_get_texture_sub_image GL_ARB_gpu_shader5 GL_ARB_gpu_shader_fp64 GL_ARB_half_float_pixel GL_ARB_half_float_vertex GL_ARB_instanced_arrays GL_ARB_internalformat_query GL_ARB_internalformat_query2 GL_ARB_invalidate_subdata GL_ARB_map_buffer_alignment GL_ARB_map_buffer_range GL_ARB_multi_bind GL_ARB_multi_draw_indirect GL_ARB_occlusion_query2 GL_ARB_pipeline_statistics_query GL_ARB_pixel_buffer_object GL_ARB_point_sprite GL_ARB_program_interface_query GL_ARB_provoking_vertex GL_ARB_query_buffer_object GL_ARB_robust_buffer_access_behavior GL_ARB_robustness GL_ARB_sample_shading GL_ARB_sampler_objects GL_ARB_seamless_cube_map GL_ARB_seamless_cubemap_per_texture GL_ARB_separate_shader_objects GL_ARB_shader_atomic_counter_ops 
GL_ARB_shader_atomic_counters GL_ARB_shader_bit_encoding GL_ARB_shader_clock GL_ARB_shader_draw_parameters GL_ARB_shader_image_load_store GL_ARB_shader_image_size GL_ARB_shader_objects GL_ARB_shader_precision GL_ARB_shader_stencil_export GL_ARB_shader_storage_buffer_object GL_ARB_shader_subroutine GL_ARB_shader_texture_image_samples GL_ARB_shader_texture_lod GL_ARB_shader_viewport_layer_array GL_ARB_shading_language_420pack GL_ARB_shading_language_packing GL_ARB_stencil_texturing GL_ARB_sync GL_ARB_tessellation_shader GL_ARB_texture_barrier GL_ARB_texture_buffer_object GL_ARB_texture_buffer_object_rgb32 GL_ARB_texture_buffer_range GL_ARB_texture_compression_bptc GL_ARB_texture_compression_rgtc GL_ARB_texture_cube_map_array GL_ARB_texture_float GL_ARB_texture_gather GL_ARB_texture_mirror_clamp_to_edge GL_ARB_texture_multisample GL_ARB_texture_non_power_of_two GL_ARB_texture_query_levels GL_ARB_texture_query_lod GL_ARB_texture_rectangle GL_ARB_texture_rg GL_ARB_texture_rgb10_a2ui GL_ARB_texture_stencil8 GL_ARB
_texture_storage GL_ARB_texture_storage_multisample GL_ARB_texture_swizzle GL_ARB_texture_view GL_ARB_timer_query GL_ARB_transform_feedback2 GL_ARB_transform_feedback3 GL_ARB_transform_feedback_instanced GL_ARB_uniform_buffer_object GL_ARB_vertex_array_bgra GL_ARB_vertex_array_object GL_ARB_vertex_attrib_64bit GL_ARB_vertex_attrib_binding GL_ARB_vertex_shader GL_ARB_vertex_type_10f_11f_11f_rev GL_ARB_vertex_type_2_10_10_10_rev GL_ARB_viewport_array GL_ATI_blend_equation_separate GL_ATI_texture_float GL_EXT_abgr GL_EXT_blend_equation_separate GL_EXT_draw_buffers2 GL_EXT_draw_instanced GL_EXT_framebuffer_blit GL_EXT_framebuffer_multisample GL_EXT_framebuffer_multisample_blit_scaled GL_EXT_framebuffer_sRGB GL_EXT_packed_depth_stencil GL_EXT_packed_float GL_EXT_pixel_buffer_object GL_EXT_polygon_offset_clamp GL_EXT_provoking_vertex GL_EXT_shader_integer_mix GL_EXT_shader_samples_identical GL_EXT_texture_array GL_EXT_texture_compression_dxt1 GL_EXT_texture_compression_rgtc GL_EXT_texture_compression_s3tc GL_EXT_t
exture_filter_anisotropic GL_EXT_texture_integer GL_EXT_texture_sRGB GL_EXT_texture_sRGB_decode GL_EXT_texture_shared_exponent GL_EXT_texture_snorm GL_EXT_texture_swizzle GL_EXT_timer_query GL_EXT_transform_feedback GL_EXT_vertex_array_bgra GL_IBM_multimode_draw_arrays GL_KHR_blend_equation_advanced GL_KHR_blend_equation_advanced_coherent GL_KHR_context_flush_control GL_KHR_debug GL_KHR_robust_buffer_access_behavior GL_KHR_robustness GL_KHR_texture_compression_astc_ldr GL_KHR_texture_compression_astc_sliced_3d GL_MESA_pack_invert GL_MESA_shader_integer_functions GL_MESA_texture_signed_rgba GL_NV_conditional_render GL_NV_depth_clamp GL_NV_packed_depth_stencil GL_NV_texture_barrier GL_OES_EGL_image GL_S3_s3tc
OPENGL LOG: Creating OpenGL 4.5 graphics device ; Context level  <OpenGL 4.5> ; Context handle 1436872768
Initialize mono
Mono path[0] = '/home/y1159554_t/Documents/Unity/2020.3.2f1/Editor/Data/Managed'
Mono path[1] = '/home/y1159554_t/Documents/Unity/2020.3.2f1/Editor/Data/MonoBleedingEdge/lib/mono/unityjit'
Mono config path = '/home/y1159554_t/Documents/Unity/2020.3.2f1/Editor/Data/MonoBleedingEdge/etc'
Using monoOptions --debugger-agent=transport=dt_socket,embedding=1,server=y,suspend=n,address=127.0.0.1:56073
Begin MonoManager ReloadAssembly
Registering precompiled unity dll's ...
Register platform support module: /home/y1159554_t/Documents/Unity/2020.3.2f1/Editor/Data/PlaybackEngines/LinuxStandaloneSupport/UnityEditor.LinuxStandalone.Extensions.dll
Registered in 0,001180 seconds.
Native extension for LinuxStandalone target not found
Refreshing native plugins compatible for Editor in 41,55 ms, found 1 plugins.
Preloading 0 native plugins for Editor in 0,00 ms.
Invoked RoslynAnalysisRunner static constructor.
RoslynAnalysisRunner will not be running.
RoslynAnalysisRunner has terminated.
Mono: successfully reloaded assembly
- Completed reload, in  0,897 seconds
Platform modules already initialized, skipping
Registering precompiled user dll's ...
Registered in 0,000605 seconds.
Begin MonoManager ReloadAssembly
Native extension for LinuxStandalone target not found
Refreshing native plugins compatible for Editor in 42,72 ms, found 1 plugins.
Preloading 0 native plugins for Editor in 0,00 ms.
Invoked RoslynAnalysisRunner static constructor.
RoslynAnalysisRunner will not be running.
RoslynAnalysisRunner has terminated.
Mono: successfully reloaded assembly
- Completed reload, in  1,021 seconds
Platform modules already initialized, skipping
========================================================================
Worker process is ready to serve import requests
Launched and connected shader compiler UnityShaderCompiler after 0.01 seconds
Refreshing native plugins compatible for Editor in 0,36 ms, found 1 plugins.
Preloading 0 native plugins for Editor in 0,00 ms.
Unloading 1823 Unused Serialized files (Serialized files now loaded: 0)
System memory in use before: 79,5 MB.
System memory in use after: 79,5 MB.

Unloading 24 unused Assets to reduce memory usage. Loaded Objects now: 2267.
Total: 3,366312 ms (FindLiveObjects: 0,308982 ms CreateObjectMapping: 0,164793 ms MarkObjects: 2,669260 ms  DeleteObjects: 0,219280 ms)

========================================================================
Received Import Request.
  path: Assets/BulletPlayer.prefab
  artifactKey: Guid(3f9a1bb5ff5d1997f8350e6dcf03f99d) Importer(815301076,1909f56bfc062723c751e8b465ee728b)
Start importing Assets/BulletPlayer.prefab using Guid(3f9a1bb5ff5d1997f8350e6dcf03f99d) Importer(815301076,1909f56bfc062723c751e8b465ee728b)  -> (artifact id: '71f2d3aab8f9f58478c3525f7d774261') in 0,091963 seconds
  Import took 0,096087 seconds .

========================================================================
Received Prepare
Registering precompiled user dll's ...
Registered in 0,000631 seconds.
Begin MonoManager ReloadAssembly
Native extension for LinuxStandalone target not found
Refreshing native plugins compatible for Editor in 0,33 ms, found 1 plugins.
Preloading 0 native plugins for Editor in 0,00 ms.
Invoked RoslynAnalysisRunner static constructor.
RoslynAnalysisRunner will not be running.
RoslynAnalysisRunner has terminated.
Mono: successfully reloaded assembly
- Completed reload, in  0,845 seconds
Platform modules already initialized, skipping
Refreshing native plugins compatible for Editor in 0,35 ms, found 1 plugins.
Preloading 0 native plugins for Editor in 0,00 ms.
Unloading 1818 Unused Serialized files (Serialized files now loaded: 0)
System memory in use before: 80,9 MB.
System memory in use after: 80,9 MB.

Unloading 12 unused Assets to reduce memory usage. Loaded Objects now: 2278.
Total: 2,890705 ms (FindLiveObjects: 0,195700 ms CreateObjectMapping: 0,071774 ms MarkObjects: 2,491638 ms  DeleteObjects: 0,127295 ms)

========================================================================
Received Prepare
Registering precompiled user dll's ...
Registered in 0,000691 seconds.
Begin MonoManager ReloadAssembly
Native extension for LinuxStandalone target not found
Refreshing native plugins compatible for Editor in 0,34 ms, found 1 plugins.
Preloading 0 native plugins for Editor in 0,00 ms.
Invoked RoslynAnalysisRunner static constructor.
RoslynAnalysisRunner will not be running.
RoslynAnalysisRunner has terminated.
Mono: successfully reloaded assembly
- Completed reload, in  0,858 seconds
Platform modules already initialized, skipping
Refreshing native plugins compatible for Editor in 0,40 ms, found 1 plugins.
Preloading 0 native plugins for Editor in 0,00 ms.
Unloading 1818 Unused Serialized files (Serialized files now loaded: 0)
System memory in use before: 80,9 MB.
System memory in use after: 80,9 MB.

Unloading 12 unused Assets to reduce memory usage. Loaded Objects now: 2282.
Total: 3,619760 ms (FindLiveObjects: 0,297643 ms CreateObjectMapping: 0,145970 ms MarkObjects: 3,054182 ms  DeleteObjects: 0,118365 ms)

========================================================================
Received Import Request.
  Time since last request: 101,228076 seconds.
  path: Assets/BulletDamage.cs
  artifactKey: Guid(3488939764f15b6e2b035d7562749986) Importer(815301076,1909f56bfc062723c751e8b465ee728b)
Start importing Assets/BulletDamage.cs using Guid(3488939764f15b6e2b035d7562749986) Importer(815301076,1909f56bfc062723c751e8b465ee728b)  -> (artifact id: '8345ca74c9e4066c1935aa07265a8100') in 0,002982 seconds
  Import took 0,005986 seconds .

========================================================================
Received Import Request.
  Time since last request: 0,003389 seconds.
  path: Assets/BulletDamage.cs
  artifactKey: Guid(3488939764f15b6e2b035d7562749986) Importer(815301076,1909f56bfc062723c751e8b465ee728b)
Start importing Assets/BulletDamage.cs using Guid(3488939764f15b6e2b035d7562749986) Importer(815301076,1909f56bfc062723c751e8b465ee728b)  -> (artifact id: '8345ca74c9e4066c1935aa07265a8100') in 0,001678 seconds
  Import took 0,005560 seconds .

========================================================================
Received Import Request.
  Time since last request: 16,898424 seconds.
  path: Assets/conti.cs
  artifactKey: Guid(9842fa04c22657982ad76a8474d65a6b) Importer(815301076,1909f56bfc062723c751e8b465ee728b)
Start importing Assets/conti.cs using Guid(9842fa04c22657982ad76a8474d65a6b) Importer(815301076,1909f56bfc062723c751e8b465ee728b)  -> (artifact id: 'd53745430ac1252877be756d7ec288ad') in 0,000523 seconds
  Import took 0,003532 seconds .

========================================================================
Received Import Request.
  Time since last request: 0,001537 seconds.
  path: Assets/conti.cs
  artifactKey: Guid(9842fa04c22657982ad76a8474d65a6b) Importer(815301076,1909f56bfc062723c751e8b465ee728b)
Start importing Assets/conti.cs using Guid(9842fa04c22657982ad76a8474d65a6b) Importer(815301076,1909f56bfc062723c751e8b465ee728b)  -> (artifact id: 'd53745430ac1252877be756d7ec288ad') in 0,000556 seconds
  Import took 0,004449 seconds .

========================================================================
Received Prepare
Registering precompiled user dll's ...
Registered in 0,000611 seconds.
Begin MonoManager ReloadAssembly
Native extension for LinuxStandalone target not found
Refreshing native plugins compatible for Editor in 0,37 ms, found 1 plugins.
Preloading 0 native plugins for Editor in 0,00 ms.
Invoked RoslynAnalysisRunner static constructor.
RoslynAnalysisRunner will not be running.
RoslynAnalysisRunner has terminated.
Mono: successfully reloaded assembly
- Completed reload, in  0,851 seconds
Platform modules already initialized, skipping
Refreshing native plugins compatible for Editor in 0,43 ms, found 1 plugins.
Preloading 0 native plugins for Editor in 0,00 ms.
Unloading 1817 Unused Serialized files (Serialized files now loaded: 0)
System memory in use before: 80,9 MB.
System memory in use after: 80,9 MB.

Unloading 13 unused Assets to reduce memory usage. Loaded Objects now: 2285.
Total: 3,038695 ms (FindLiveObjects: 0,228286 ms CreateObjectMapping: 0,100148 ms MarkObjects: 2,582896 ms  DeleteObjects: 0,124160 ms)

========================================================================
Received Prepare
Registering precompiled user dll's ...
Registered in 0,000597 seconds.
Begin MonoManager ReloadAssembly
Native extension for LinuxStandalone target not found
Refreshing native plugins compatible for Editor in 0,36 ms, found 1 plugins.
Preloading 0 native plugins for Editor in 0,00 ms.
Invoked RoslynAnalysisRunner static constructor.
RoslynAnalysisRunner will not be running.
RoslynAnalysisRunner has terminated.
Mono: successfully reloaded assembly
- Completed reload, in  0,938 seconds
Platform modules already initialized, skipping
Refreshing native plugins compatible for Editor in 0,38 ms, found 1 plugins.
Preloading 0 native plugins for Editor in 0,00 ms.
Unloading 1817 Unused Serialized files (Serialized files now loaded: 0)
System memory in use before: 80,9 MB.
System memory in use after: 80,9 MB.

Unloading 12 unused Assets to reduce memory usage. Loaded Objects now: 2289.
Total: 2,895666 ms (FindLiveObjects: 0,196581 ms CreateObjectMapping: 0,066681 ms MarkObjects: 2,503031 ms  DeleteObjects: 0,126669 ms)

========================================================================
Received Import Request.
  Time since last request: 363,952455 seconds.
  path: Assets/BulletPlayer.prefab
  artifactKey: Guid(3f9a1bb5ff5d1997f8350e6dcf03f99d) Importer(815301076,1909f56bfc062723c751e8b465ee728b)
Start importing Assets/BulletPlayer.prefab using Guid(3f9a1bb5ff5d1997f8350e6dcf03f99d) Importer(815301076,1909f56bfc062723c751e8b465ee728b)  -> (artifact id: 'cb0ab36766aa6d248248c74add9354af') in 0,067000 seconds
  Import took 0,072167 seconds .

========================================================================
Received Prepare
Registering precompiled user dll's ...
Registered in 0,000637 seconds.
Begin MonoManager ReloadAssembly
Native extension for LinuxStandalone target not found
Refreshing native plugins compatible for Editor in 0,34 ms, found 1 plugins.
Preloading 0 native plugins for Editor in 0,00 ms.
Invoked RoslynAnalysisRunner static constructor.
RoslynAnalysisRunner will not be running.
RoslynAnalysisRunner has terminated.
Mono: successfully reloaded assembly
- Completed reload, in  0,894 seconds
Platform modules already initialized, skipping
Refreshing native plugins compatible for Editor in 0,44 ms, found 1 plugins.
Preloading 0 native plugins for Editor in 0,00 ms.
Unloading 1817 Unused Serialized files (Serialized files now loaded: 0)
System memory in use before: 80,9 MB.
System memory in use after: 80,9 MB.

Unloading 12 unused Assets to reduce memory usage. Loaded Objects now: 2294.
Total: 5,910626 ms (FindLiveObjects: 0,328413 ms CreateObjectMapping: 0,136134 ms MarkObjects: 5,230931 ms  DeleteObjects: 0,208350 ms)

========================================================================
Received Import Request.
  Time since last request: 188,626022 seconds.
  path: Assets/enemy.png
  artifactKey: Guid(d766e2c3a51df9cf6b9588a5f416a643) Importer(815301076,1909f56bfc062723c751e8b465ee728b)
Start importing Assets/enemy.png using Guid(d766e2c3a51df9cf6b9588a5f416a643) Importer(815301076,1909f56bfc062723c751e8b465ee728b)  -> (artifact id: 'bcd2a152a45d1fc6533d1164615faf7c') in 0,084103 seconds
  Import took 0,088914 seconds .

========================================================================
Received Import Request.
  Time since last request: 0,012863 seconds.
  path: Assets/enemy.png
  artifactKey: Guid(d766e2c3a51df9cf6b9588a5f416a643) Importer(815301076,1909f56bfc062723c751e8b465ee728b)
Start importing Assets/enemy.png using Guid(d766e2c3a51df9cf6b9588a5f416a643) Importer(815301076,1909f56bfc062723c751e8b465ee728b)  -> (artifact id: 'bcd2a152a45d1fc6533d1164615faf7c') in 0,004534 seconds
  Import took 0,008097 seconds .

========================================================================
Received Prepare
Registering precompiled user dll's ...
Registered in 0,000603 seconds.
Begin MonoManager ReloadAssembly
Native extension for LinuxStandalone target not found
Refreshing native plugins compatible for Editor in 0,35 ms, found 1 plugins.
Preloading 0 native plugins for Editor in 0,00 ms.
Invoked RoslynAnalysisRunner static constructor.
RoslynAnalysisRunner will not be running.
RoslynAnalysisRunner has terminated.
Mono: successfully reloaded assembly
- Completed reload, in  0,854 seconds
Platform modules already initialized, skipping
Refreshing native plugins compatible for Editor in 0,37 ms, found 1 plugins.
Preloading 0 native plugins for Editor in 0,00 ms.
Unloading 1818 Unused Serialized files (Serialized files now loaded: 0)
System memory in use before: 81,0 MB.
System memory in use after: 81,0 MB.

Unloading 12 unused Assets to reduce memory usage. Loaded Objects now: 2303.
Total: 2,747820 ms (FindLiveObjects: 0,193113 ms CreateObjectMapping: 0,090110 ms MarkObjects: 2,330411 ms  DeleteObjects: 0,131652 ms)

========================================================================
Received Import Request.
  Time since last request: 406,370960 seconds.
  path: Assets/FireEnemy.cs
  artifactKey: Guid(59fb142d9ae02e9c9aa8e99a5b277348) Importer(815301076,1909f56bfc062723c751e8b465ee728b)
Start importing Assets/FireEnemy.cs using Guid(59fb142d9ae02e9c9aa8e99a5b277348) Importer(815301076,1909f56bfc062723c751e8b465ee728b)  -> (artifact id: '6244d247c4948813229a82f0e52a11fb') in 0,003667 seconds
  Import took 0,008052 seconds .

========================================================================
Received Import Request.
  Time since last request: 0,001647 seconds.
  path: Assets/FireEnemy.cs
  artifactKey: Guid(59fb142d9ae02e9c9aa8e99a5b277348) Importer(815301076,1909f56bfc062723c751e8b465ee728b)
Start importing Assets/FireEnemy.cs using Guid(59fb142d9ae02e9c9aa8e99a5b277348) Importer(815301076,1909f56bfc062723c751e8b465ee728b)  -> (artifact id: '6244d247c4948813229a82f0e52a11fb') in 0,000635 seconds
  Import took 0,005119 seconds .

========================================================================
Received Prepare
Registering precompiled user dll's ...
Registered in 0,000594 seconds.
Begin MonoManager ReloadAssembly
Native extension for LinuxStandalone target not found
Refreshing native plugins compatible for Editor in 0,39 ms, found 1 plugins.
Preloading 0 native plugins for Editor in 0,00 ms.
Invoked RoslynAnalysisRunner static constructor.
RoslynAnalysisRunner will not be running.
RoslynAnalysisRunner has terminated.
Mono: successfully reloaded assembly
- Completed reload, in  0,913 seconds
Platform modules already initialized, skipping
Refreshing native plugins compatible for Editor in 0,41 ms, found 1 plugins.
Preloading 0 native plugins for Editor in 0,00 ms.
Unloading 1818 Unused Serialized files (Serialized files now loaded: 0)
System memory in use before: 81,0 MB.
System memory in use after: 81,0 MB.

Unloading 12 unused Assets to reduce memory usage. Loaded Objects now: 2307.
Total: 6,406456 ms (FindLiveObjects: 0,374922 ms CreateObjectMapping: 0,156674 ms MarkObjects: 5,632644 ms  DeleteObjects: 0,235722 ms)

========================================================================
Received Import Request.
  Time since last request: 178,507225 seconds.
  path: Assets/FireEnemy.cs
  artifactKey: Guid(59fb142d9ae02e9c9aa8e99a5b277348) Importer(815301076,1909f56bfc062723c751e8b465ee728b)
Start importing Assets/FireEnemy.cs using Guid(59fb142d9ae02e9c9aa8e99a5b277348) Importer(815301076,1909f56bfc062723c751e8b465ee728b)  -> (artifact id: 'd141a50584745004e9cd5905d77e0bbc') in 0,004548 seconds
  Import took 0,009391 seconds .

========================================================================
Received Import Request.
  Time since last request: 36,412175 seconds.
  path: Assets/BulletPlayer 1.prefab
  artifactKey: Guid(12efab9fb63d13e44b677ae03b325a8d) Importer(815301076,1909f56bfc062723c751e8b465ee728b)
Start importing Assets/BulletPlayer 1.prefab using Guid(12efab9fb63d13e44b677ae03b325a8d) Importer(815301076,1909f56bfc062723c751e8b465ee728b)  -> (artifact id: '0d614172c1fb76ce1c1149a09f0a013a') in 0,067745 seconds
  Import took 0,072190 seconds .

========================================================================
Received Import Request.
  Time since last request: 7,109965 seconds.
  path: Assets/BulletEnemy.prefab
  artifactKey: Guid(12efab9fb63d13e44b677ae03b325a8d) Importer(815301076,1909f56bfc062723c751e8b465ee728b)
Start importing Assets/BulletEnemy.prefab using Guid(12efab9fb63d13e44b677ae03b325a8d) Importer(815301076,1909f56bfc062723c751e8b465ee728b)  -> (artifact id: '4580ea57d6d7eba12fd55e3a48a49fad') in 0,005599 seconds
  Import took 0,010424 seconds .

========================================================================
Received Import Request.
  Time since last request: 0,001185 seconds.
  path: Assets/BulletEnemy.prefab
  artifactKey: Guid(12efab9fb63d13e44b677ae03b325a8d) Importer(815301076,1909f56bfc062723c751e8b465ee728b)
Start importing Assets/BulletEnemy.prefab using Guid(12efab9fb63d13e44b677ae03b325a8d) Importer(815301076,1909f56bfc062723c751e8b465ee728b)  -> (artifact id: '4580ea57d6d7eba12fd55e3a48a49fad') in 0,004919 seconds
  Import took 0,008498 seconds .

========================================================================
Received Import Request.
  Time since last request: 45,312405 seconds.
  path: Assets/BulletEnemy.prefab
  artifactKey: Guid(12efab9fb63d13e44b677ae03b325a8d) Importer(815301076,1909f56bfc062723c751e8b465ee728b)
Start importing Assets/BulletEnemy.prefab using Guid(12efab9fb63d13e44b677ae03b325a8d) Importer(815301076,1909f56bfc062723c751e8b465ee728b)  -> (artifact id: '87904f018ae787087ed55739d7d29216') in 0,007027 seconds
  Import took 0,011427 seconds .

========================================================================
Received Prepare
Registering precompiled user dll's ...
Registered in 0,000586 seconds.
Begin MonoManager ReloadAssembly
Native extension for LinuxStandalone target not found
Refreshing native plugins compatible for Editor in 0,35 ms, found 1 plugins.
Preloading 0 native plugins for Editor in 0,00 ms.
Invoked RoslynAnalysisRunner static constructor.
RoslynAnalysisRunner will not be running.
RoslynAnalysisRunner has terminated.
Mono: successfully reloaded assembly
- Completed reload, in  0,843 seconds
Platform modules already initialized, skipping
Refreshing native plugins compatible for Editor in 0,35 ms, found 1 plugins.
Preloading 0 native plugins for Editor in 0,00 ms.
Unloading 1818 Unused Serialized files (Serialized files now loaded: 0)
System memory in use before: 81,0 MB.
System memory in use after: 81,0 MB.

Unloading 12 unused Assets to reduce memory usage. Loaded Objects now: 2312.
Total: 2,587223 ms (FindLiveObjects: 0,162245 ms CreateObjectMapping: 0,052471 ms MarkObjects: 2,253821 ms  DeleteObjects: 0,115753 ms)

========================================================================
Received Import Request.
  Time since last request: 137,971247 seconds.
  path: Assets/BulletEnemy.prefab
  artifactKey: Guid(12efab9fb63d13e44b677ae03b325a8d) Importer(815301076,1909f56bfc062723c751e8b465ee728b)
Start importing Assets/BulletEnemy.prefab using Guid(12efab9fb63d13e44b677ae03b325a8d) Importer(815301076,1909f56bfc062723c751e8b465ee728b)  -> (artifact id: 'e146d96b6bc7904c7d78f4e944addf28') in 0,075410 seconds
  Import took 0,079268 seconds .

========================================================================
Received Prepare
Registering precompiled user dll's ...
Registered in 0,000598 seconds.
Begin MonoManager ReloadAssembly
Native extension for LinuxStandalone target not found
Refreshing native plugins compatible for Editor in 0,34 ms, found 1 plugins.
Preloading 0 native plugins for Editor in 0,00 ms.
Invoked RoslynAnalysisRunner static constructor.
RoslynAnalysisRunner will not be running.
RoslynAnalysisRunner has terminated.
Mono: successfully reloaded assembly
- Completed reload, in  0,908 seconds
Platform modules already initialized, skipping
Refreshing native plugins compatible for Editor in 0,36 ms, found 1 plugins.
Preloading 0 native plugins for Editor in 0,00 ms.
Unloading 1818 Unused Serialized files (Serialized files now loaded: 0)
System memory in use before: 81,0 MB.
System memory in use after: 81,0 MB.

Unloading 12 unused Assets to reduce memory usage. Loaded Objects now: 2317.
Total: 2,805573 ms (FindLiveObjects: 0,220275 ms CreateObjectMapping: 0,091436 ms MarkObjects: 2,370077 ms  DeleteObjects: 0,121052 ms)

========================================================================
Received Prepare
Registering precompiled user dll's ...
Registered in 0,000589 seconds.
Begin MonoManager ReloadAssembly
Native extension for LinuxStandalone target not found
Refreshing native plugins compatible for Editor in 0,36 ms, found 1 plugins.
Preloading 0 native plugins for Editor in 0,00 ms.
Invoked RoslynAnalysisRunner static constructor.
RoslynAnalysisRunner will not be running.
RoslynAnalysisRunner has terminated.
Mono: successfully reloaded assembly
- Completed reload, in  0,872 seconds
Platform modules already initialized, skipping
Refreshing native plugins compatible for Editor in 0,36 ms, found 1 plugins.
Preloading 0 native plugins for Editor in 0,00 ms.
Unloading 1819 Unused Serialized files (Serialized files now loaded: 0)
System memory in use before: 81,0 MB.
System memory in use after: 81,0 MB.

Unloading 12 unused Assets to reduce memory usage. Loaded Objects now: 2322.
Total: 3,118209 ms (FindLiveObjects: 0,211881 ms CreateObjectMapping: 0,069887 ms MarkObjects: 2,707064 ms  DeleteObjects: 0,126760 ms)

========================================================================
Received Import Request.
  Time since last request: 210,856229 seconds.
  path: Assets/Spawn.cs
  artifactKey: Guid(5e24c1f1b49a2c0c1a7c09e7fe3594d2) Importer(815301076,1909f56bfc062723c751e8b465ee728b)
Start importing Assets/Spawn.cs using Guid(5e24c1f1b49a2c0c1a7c09e7fe3594d2) Importer(815301076,1909f56bfc062723c751e8b465ee728b)  -> (artifact id: '11610a574cc28296eb3b30f6ca9767c3') in 0,002930 seconds
  Import took 0,005994 seconds .

========================================================================
Received Import Request.
  Time since last request: 0,001747 seconds.
  path: Assets/Spawn.cs
  artifactKey: Guid(5e24c1f1b49a2c0c1a7c09e7fe3594d2) Importer(815301076,1909f56bfc062723c751e8b465ee728b)
Start importing Assets/Spawn.cs using Guid(5e24c1f1b49a2c0c1a7c09e7fe3594d2) Importer(815301076,1909f56bfc062723c751e8b465ee728b)  -> (artifact id: '11610a574cc28296eb3b30f6ca9767c3') in 0,000543 seconds
  Import took 0,004245 seconds .

========================================================================
Received Prepare
Registering precompiled user dll's ...
Registered in 0,000617 seconds.
Begin MonoManager ReloadAssembly
Native extension for LinuxStandalone target not found
Refreshing native plugins compatible for Editor in 0,36 ms, found 1 plugins.
Preloading 0 native plugins for Editor in 0,00 ms.
Invoked RoslynAnalysisRunner static constructor.
RoslynAnalysisRunner will not be running.
RoslynAnalysisRunner has terminated.
Mono: successfully reloaded assembly
- Completed reload, in  0,923 seconds
Platform modules already initialized, skipping
Refreshing native plugins compatible for Editor in 0,39 ms, found 1 plugins.
Preloading 0 native plugins for Editor in 0,00 ms.
Unloading 1819 Unused Serialized files (Serialized files now loaded: 0)
System memory in use before: 81,1 MB.
System memory in use after: 81,1 MB.

Unloading 12 unused Assets to reduce memory usage. Loaded Objects now: 2326.
Total: 2,773929 ms (FindLiveObjects: 0,174687 ms CreateObjectMapping: 0,053436 ms MarkObjects: 2,395605 ms  DeleteObjects: 0,147116 ms)

========================================================================
Received Import Request.
  Time since last request: 159,397323 seconds.
  path: Assets/Spawn.cs
  artifactKey: Guid(5e24c1f1b49a2c0c1a7c09e7fe3594d2) Importer(815301076,1909f56bfc062723c751e8b465ee728b)
Start importing Assets/Spawn.cs using Guid(5e24c1f1b49a2c0c1a7c09e7fe3594d2) Importer(815301076,1909f56bfc062723c751e8b465ee728b)  -> (artifact id: '362cbbbbd04c00ee7c4958e87ce05eef') in 0,002887 seconds
  Import took 0,005743 seconds .

========================================================================
Received Import Request.
  Time since last request: 381,445490 seconds.
  path: Assets/BulletEnemy.prefab
  artifactKey: Guid(12efab9fb63d13e44b677ae03b325a8d) Importer(815301076,1909f56bfc062723c751e8b465ee728b)
Start importing Assets/BulletEnemy.prefab using Guid(12efab9fb63d13e44b677ae03b325a8d) Importer(815301076,1909f56bfc062723c751e8b465ee728b)  -> (artifact id: '523433f3fff89d278ed52cac045c56d5') in 0,088691 seconds
  Import took 0,093453 seconds .

========================================================================
Received Prepare
Registering precompiled user dll's ...
Registered in 0,000887 seconds.
Begin MonoManager ReloadAssembly
Native extension for LinuxStandalone target not found
Refreshing native plugins compatible for Editor in 0,59 ms, found 1 plugins.
Preloading 0 native plugins for Editor in 0,00 ms.
Invoked RoslynAnalysisRunner static constructor.
RoslynAnalysisRunner will not be running.
RoslynAnalysisRunner has terminated.
Mono: successfully reloaded assembly
- Completed reload, in  0,906 seconds
Platform modules already initialized, skipping
Refreshing native plugins compatible for Editor in 0,38 ms, found 1 plugins.
Preloading 0 native plugins for Editor in 0,00 ms.
Unloading 1819 Unused Serialized files (Serialized files now loaded: 0)
System memory in use before: 81,1 MB.
System memory in use after: 81,1 MB.

Unloading 12 unused Assets to reduce memory usage. Loaded Objects now: 2331.
Total: 3,194338 ms (FindLiveObjects: 0,230077 ms CreateObjectMapping: 0,070598 ms MarkObjects: 2,764340 ms  DeleteObjects: 0,126481 ms)

========================================================================
Received Import Request.
  Time since last request: 70,298144 seconds.
  path: Assets/Enemy.prefab
  artifactKey: Guid(f93607cd342922d58898bf6fcd38d4a5) Importer(815301076,1909f56bfc062723c751e8b465ee728b)
Start importing Assets/Enemy.prefab using Guid(f93607cd342922d58898bf6fcd38d4a5) Importer(815301076,1909f56bfc062723c751e8b465ee728b)  -> (artifact id: '78a11178d1819420b77ed118af3d92bd') in 0,076473 seconds
  Import took 0,080819 seconds .

========================================================================
Received Import Request.
  Time since last request: 0,081229 seconds.
  path: Assets/Enemy.prefab
  artifactKey: Guid(f93607cd342922d58898bf6fcd38d4a5) Importer(815301076,1909f56bfc062723c751e8b465ee728b)
Start importing Assets/Enemy.prefab using Guid(f93607cd342922d58898bf6fcd38d4a5) Importer(815301076,1909f56bfc062723c751e8b465ee728b)  -> (artifact id: '78a11178d1819420b77ed118af3d92bd') in 0,007507 seconds
  Import took 0,011190 seconds .

========================================================================
Received Prepare
Registering precompiled user dll's ...
Registered in 0,000639 seconds.
Begin MonoManager ReloadAssembly
Native extension for LinuxStandalone target not found
Refreshing native plugins compatible for Editor in 0,34 ms, found 1 plugins.
Preloading 0 native plugins for Editor in 0,00 ms.
Invoked RoslynAnalysisRunner static constructor.
RoslynAnalysisRunner will not be running.
RoslynAnalysisRunner has terminated.
Mono: successfully reloaded assembly
- Completed reload, in  0,856 seconds
Platform modules already initialized, skipping
Refreshing native plugins compatible for Editor in 0,38 ms, found 1 plugins.
Preloading 0 native plugins for Editor in 0,00 ms.
Unloading 1819 Unused Serialized files (Serialized files now loaded: 0)
System memory in use before: 81,1 MB.
System memory in use after: 81,1 MB.

Unloading 12 unused Assets to reduce memory usage. Loaded Objects now: 2336.
Total: 2,796916 ms (FindLiveObjects: 0,198363 ms CreateObjectMapping: 0,068420 ms MarkObjects: 2,408636 ms  DeleteObjects: 0,118571 ms)

========================================================================
Received Import Request.
  Time since last request: 308,724849 seconds.
  path: ProjectSettings/TagManager.asset
  artifactKey: Guid(00000000000000003000000000000000) Importer(815301076,1909f56bfc062723c751e8b465ee728b)
Start importing ProjectSettings/TagManager.asset using Guid(00000000000000003000000000000000) Importer(815301076,1909f56bfc062723c751e8b465ee728b)  -> (artifact id: '59c8cac34a9b61a8730566764986ccd4') in 0,014502 seconds
  Import took 0,018795 seconds .

========================================================================
Received Import Request.
  Time since last request: 0,000715 seconds.
  path: ProjectSettings/TagManager.asset
  artifactKey: Guid(00000000000000003000000000000000) Importer(815301076,1909f56bfc062723c751e8b465ee728b)
Start importing ProjectSettings/TagManager.asset using Guid(00000000000000003000000000000000) Importer(815301076,1909f56bfc062723c751e8b465ee728b)  -> (artifact id: '59c8cac34a9b61a8730566764986ccd4') in 0,001084 seconds
  Import took 0,005570 seconds .

========================================================================
Received Import Request.
  Time since last request: 30,212288 seconds.
  path: Assets/Enemy.prefab
  artifactKey: Guid(f93607cd342922d58898bf6fcd38d4a5) Importer(815301076,1909f56bfc062723c751e8b465ee728b)
Start importing Assets/Enemy.prefab using Guid(f93607cd342922d58898bf6fcd38d4a5) Importer(815301076,1909f56bfc062723c751e8b465ee728b)  -> (artifact id: 'b9a30d332b0c2d72013c2a015723095c') in 0,064173 seconds
  Import took 0,068244 seconds .

========================================================================
Received Prepare
Registering precompiled user dll's ...
Registered in 0,000604 seconds.
Begin MonoManager ReloadAssembly
Native extension for LinuxStandalone target not found
Refreshing native plugins compatible for Editor in 0,36 ms, found 1 plugins.
Preloading 0 native plugins for Editor in 0,00 ms.
Invoked RoslynAnalysisRunner static constructor.
RoslynAnalysisRunner will not be running.
RoslynAnalysisRunner has terminated.
Mono: successfully reloaded assembly
- Completed reload, in  0,859 seconds
Platform modules already initialized, skipping
Refreshing native plugins compatible for Editor in 0,38 ms, found 1 plugins.
Preloading 0 native plugins for Editor in 0,00 ms.
Unloading 1819 Unused Serialized files (Serialized files now loaded: 0)
System memory in use before: 81,1 MB.
System memory in use after: 81,1 MB.

Unloading 14 unused Assets to reduce memory usage. Loaded Objects now: 2341.
Total: 2,645403 ms (FindLiveObjects: 0,193859 ms CreateObjectMapping: 0,053644 ms MarkObjects: 2,263018 ms  DeleteObjects: 0,131687 ms)

========================================================================
Received Prepare
Registering precompiled user dll's ...
Registered in 0,000594 seconds.
Begin MonoManager ReloadAssembly
Native extension for LinuxStandalone target not found
Refreshing native plugins compatible for Editor in 0,35 ms, found 1 plugins.
Preloading 0 native plugins for Editor in 0,00 ms.
Invoked RoslynAnalysisRunner static constructor.
RoslynAnalysisRunner will not be running.
RoslynAnalysisRunner has terminated.
Mono: successfully reloaded assembly
- Completed reload, in  0,966 seconds
Platform modules already initialized, skipping
Refreshing native plugins compatible for Editor in 0,79 ms, found 1 plugins.
Preloading 0 native plugins for Editor in 0,00 ms.
Unloading 1819 Unused Serialized files (Serialized files now loaded: 0)
System memory in use before: 81,1 MB.
System memory in use after: 81,1 MB.

Unloading 12 unused Assets to reduce memory usage. Loaded Objects now: 2345.
Total: 3,825626 ms (FindLiveObjects: 0,216952 ms CreateObjectMapping: 0,068057 ms MarkObjects: 3,353592 ms  DeleteObjects: 0,183687 ms)

========================================================================
Received Import Request.
  Time since last request: 52,970693 seconds.
  path: Assets/BulletDamage.cs
  artifactKey: Guid(3488939764f15b6e2b035d7562749986) Importer(815301076,1909f56bfc062723c751e8b465ee728b)
Start importing Assets/BulletDamage.cs using Guid(3488939764f15b6e2b035d7562749986) Importer(815301076,1909f56bfc062723c751e8b465ee728b)  -> (artifact id: '008d96e5abd1daee4a04b03f8863a5ed') in 0,003748 seconds
  Import took 0,008658 seconds .

========================================================================
Received Import Request.
  Time since last request: 0,000765 seconds.
  path: Assets/BulletDamage.cs
  artifactKey: Guid(3488939764f15b6e2b035d7562749986) Importer(815301076,1909f56bfc062723c751e8b465ee728b)
Start importing Assets/BulletDamage.cs using Guid(3488939764f15b6e2b035d7562749986) Importer(815301076,1909f56bfc062723c751e8b465ee728b)  -> (artifact id: '008d96e5abd1daee4a04b03f8863a5ed') in 0,000550 seconds
  Import took 0,003728 seconds .

========================================================================
Received Prepare
Registering precompiled user dll's ...
Registered in 0,000933 seconds.
Begin MonoManager ReloadAssembly
Native extension for LinuxStandalone target not found
Refreshing native plugins compatible for Editor in 0,37 ms, found 1 plugins.
Preloading 0 native plugins for Editor in 0,00 ms.
Invoked RoslynAnalysisRunner static constructor.
RoslynAnalysisRunner will not be running.
RoslynAnalysisRunner has terminated.
Mono: successfully reloaded assembly
- Completed reload, in  0,883 seconds
Platform modules already initialized, skipping
Refreshing native plugins compatible for Editor in 0,36 ms, found 1 plugins.
Preloading 0 native plugins for Editor in 0,00 ms.
Unloading 1819 Unused Serialized files (Serialized files now loaded: 0)
System memory in use before: 81,1 MB.
System memory in use after: 81,1 MB.

Unloading 12 unused Assets to reduce memory usage. Loaded Objects now: 2349.
Total: 6,105758 ms (FindLiveObjects: 0,540228 ms CreateObjectMapping: 0,205385 ms MarkObjects: 5,134999 ms  DeleteObjects: 0,217698 ms)

========================================================================
Received Import Request.
  Time since last request: 39,637075 seconds.
  path: Assets/BulletDamage1.cs
  artifactKey: Guid(b3acc9d9de77cb27183b3bb43cdfcd2a) Importer(815301076,1909f56bfc062723c751e8b465ee728b)
Start importing Assets/BulletDamage1.cs using Guid(b3acc9d9de77cb27183b3bb43cdfcd2a) Importer(815301076,1909f56bfc062723c751e8b465ee728b)  -> (artifact id: 'fc860e2bade18362ee084c300707e149') in 0,005091 seconds
  Import took 0,010050 seconds .

========================================================================
Received Import Request.
  Time since last request: 12,094041 seconds.
  path: Assets/BulletEnemyDamage.cs
  artifactKey: Guid(b3acc9d9de77cb27183b3bb43cdfcd2a) Importer(815301076,1909f56bfc062723c751e8b465ee728b)
Start importing Assets/BulletEnemyDamage.cs using Guid(b3acc9d9de77cb27183b3bb43cdfcd2a) Importer(815301076,1909f56bfc062723c751e8b465ee728b)  -> (artifact id: 'd3b630b745942f181ee946ca3b4275fb') in 0,000580 seconds
  Import took 0,003887 seconds .

========================================================================
Received Import Request.
  Time since last request: 22,412396 seconds.
  path: Assets/BulletEnemyDamage.cs
  artifactKey: Guid(b3acc9d9de77cb27183b3bb43cdfcd2a) Importer(815301076,1909f56bfc062723c751e8b465ee728b)
Start importing Assets/BulletEnemyDamage.cs using Guid(b3acc9d9de77cb27183b3bb43cdfcd2a) Importer(815301076,1909f56bfc062723c751e8b465ee728b)  -> (artifact id: '050d5483a833a2b36d7672048beabfd6') in 0,000610 seconds
  Import took 0,004680 seconds .

========================================================================
Received Import Request.
  Time since last request: 34,007449 seconds.
  path: Assets/BulletEnemy.prefab
  artifactKey: Guid(12efab9fb63d13e44b677ae03b325a8d) Importer(815301076,1909f56bfc062723c751e8b465ee728b)
Start importing Assets/BulletEnemy.prefab using Guid(12efab9fb63d13e44b677ae03b325a8d) Importer(815301076,1909f56bfc062723c751e8b465ee728b)  -> (artifact id: '7ba7c0224a50f698f37399039e0f4ec6') in 0,068342 seconds
  Import took 0,072043 seconds .

========================================================================
Received Prepare
Registering precompiled user dll's ...
Registered in 0,000599 seconds.
Begin MonoManager ReloadAssembly
Native extension for LinuxStandalone target not found
Refreshing native plugins compatible for Editor in 0,42 ms, found 1 plugins.
Preloading 0 native plugins for Editor in 0,00 ms.
Invoked RoslynAnalysisRunner static constructor.
RoslynAnalysisRunner will not be running.
RoslynAnalysisRunner has terminated.
Mono: successfully reloaded assembly
- Completed reload, in  0,881 seconds
Platform modules already initialized, skipping
Refreshing native plugins compatible for Editor in 0,37 ms, found 1 plugins.
Preloading 0 native plugins for Editor in 0,00 ms.
Unloading 1820 Unused Serialized files (Serialized files now loaded: 0)
System memory in use before: 81,1 MB.
System memory in use after: 81,1 MB.

Unloading 12 unused Assets to reduce memory usage. Loaded Objects now: 2355.
Total: 3,556276 ms (FindLiveObjects: 0,206829 ms CreateObjectMapping: 0,070201 ms MarkObjects: 3,123649 ms  DeleteObjects: 0,151981 ms)

========================================================================
Received Import Request.
  Time since last request: 26,433540 seconds.
  path: Assets/ship_0.controller
  artifactKey: Guid(55298ba022adecd73810e1ab984452d1) Importer(815301076,1909f56bfc062723c751e8b465ee728b)
Start importing Assets/ship_0.controller using Guid(55298ba022adecd73810e1ab984452d1) Importer(815301076,1909f56bfc062723c751e8b465ee728b)  -> (artifact id: '0129a902ce5c3f10e4acdba53491d4c6') in 0,012194 seconds
  Import took 0,015565 seconds .

========================================================================
Received Import Request.
  Time since last request: 0,000279 seconds.
  path: Assets/BulletEnemyDamage.cs
  artifactKey: Guid(b3acc9d9de77cb27183b3bb43cdfcd2a) Importer(815301076,1909f56bfc062723c751e8b465ee728b)
Start importing Assets/BulletEnemyDamage.cs using Guid(b3acc9d9de77cb27183b3bb43cdfcd2a) Importer(815301076,1909f56bfc062723c751e8b465ee728b)  -> (artifact id: '48c10390d70ee9d61e3d8f92633385c2') in 0,000666 seconds
  Import took 0,003588 seconds .

========================================================================
Received Import Request.
  Time since last request: 7,795112 seconds.
  path: Assets/BulletEnemy.prefab
  artifactKey: Guid(12efab9fb63d13e44b677ae03b325a8d) Importer(815301076,1909f56bfc062723c751e8b465ee728b)
Start importing Assets/BulletEnemy.prefab using Guid(12efab9fb63d13e44b677ae03b325a8d) Importer(815301076,1909f56bfc062723c751e8b465ee728b)  -> (artifact id: '4447fcac1f1505a089b1c50678eda540') in 0,066347 seconds
  Import took 0,070870 seconds .

========================================================================
Received Prepare
Registering precompiled user dll's ...
Registered in 0,000591 seconds.
Begin MonoManager ReloadAssembly
Native extension for LinuxStandalone target not found
Refreshing native plugins compatible for Editor in 0,35 ms, found 1 plugins.
Preloading 0 native plugins for Editor in 0,00 ms.
Invoked RoslynAnalysisRunner static constructor.
RoslynAnalysisRunner will not be running.
RoslynAnalysisRunner has terminated.
Mono: successfully reloaded assembly
- Completed reload, in  0,946 seconds
Platform modules already initialized, skipping
Refreshing native plugins compatible for Editor in 0,49 ms, found 1 plugins.
Preloading 0 native plugins for Editor in 0,00 ms.
Unloading 1820 Unused Serialized files (Serialized files now loaded: 0)
System memory in use before: 81,2 MB.
System memory in use after: 81,2 MB.

Unloading 12 unused Assets to reduce memory usage. Loaded Objects now: 2360.
Total: 3,032660 ms (FindLiveObjects: 0,249671 ms CreateObjectMapping: 0,083506 ms MarkObjects: 2,561786 ms  DeleteObjects: 0,134643 ms)

========================================================================
Received Prepare
Registering precompiled user dll's ...
Registered in 0,000923 seconds.
Begin MonoManager ReloadAssembly
Native extension for LinuxStandalone target not found
Refreshing native plugins compatible for Editor in 0,39 ms, found 1 plugins.
Preloading 0 native plugins for Editor in 0,00 ms.
Invoked RoslynAnalysisRunner static constructor.
RoslynAnalysisRunner will not be running.
RoslynAnalysisRunner has terminated.
Mono: successfully reloaded assembly
- Completed reload, in  0,915 seconds
Platform modules already initialized, skipping
Refreshing native plugins compatible for Editor in 0,37 ms, found 1 plugins.
Preloading 0 native plugins for Editor in 0,00 ms.
Unloading 1820 Unused Serialized files (Serialized files now loaded: 0)
System memory in use before: 81,2 MB.
System memory in use after: 81,2 MB.

Unloading 12 unused Assets to reduce memory usage. Loaded Objects now: 2364.
Total: 2,804070 ms (FindLiveObjects: 0,199373 ms CreateObjectMapping: 0,053728 ms MarkObjects: 2,426599 ms  DeleteObjects: 0,121349 ms)

========================================================================
Received Import Request.
  Time since last request: 63,011644 seconds.
  path: Assets/BulletEnemyDamage.cs
  artifactKey: Guid(b3acc9d9de77cb27183b3bb43cdfcd2a) Importer(815301076,1909f56bfc062723c751e8b465ee728b)
Start importing Assets/BulletEnemyDamage.cs using Guid(b3acc9d9de77cb27183b3bb43cdfcd2a) Importer(815301076,1909f56bfc062723c751e8b465ee728b)  -> (artifact id: 'fe7421a37ae32ebf8337b53025171ed7') in 0,002993 seconds
  Import took 0,005875 seconds .

========================================================================
Received Prepare
Registering precompiled user dll's ...
Registered in 0,000611 seconds.
Begin MonoManager ReloadAssembly
Native extension for LinuxStandalone target not found
Refreshing native plugins compatible for Editor in 0,43 ms, found 1 plugins.
Preloading 0 native plugins for Editor in 0,00 ms.
Invoked RoslynAnalysisRunner static constructor.
RoslynAnalysisRunner will not be running.
RoslynAnalysisRunner has terminated.
Mono: successfully reloaded assembly
- Completed reload, in  0,889 seconds
Platform modules already initialized, skipping
Refreshing native plugins compatible for Editor in 0,36 ms, found 1 plugins.
Preloading 0 native plugins for Editor in 0,00 ms.
Unloading 1820 Unused Serialized files (Serialized files now loaded: 0)
System memory in use before: 81,2 MB.
System memory in use after: 81,2 MB.

Unloading 12 unused Assets to reduce memory usage. Loaded Objects now: 2368.
Total: 2,793484 ms (FindLiveObjects: 0,171286 ms CreateObjectMapping: 0,052563 ms MarkObjects: 2,444379 ms  DeleteObjects: 0,122095 ms)

